<?xml version="1.0" encoding="UTF-8"?>
<testng-results skipped="0" failed="0" total="1" passed="1">
  <reporter-output>
  </reporter-output>
  <suite name="Default suite" duration-ms="17490" started-at="2019-11-12T12:05:55Z" finished-at="2019-11-12T12:06:12Z">
    <groups>
    </groups>
    <test name="Default test" duration-ms="17490" started-at="2019-11-12T12:05:55Z" finished-at="2019-11-12T12:06:12Z">
      <class name="com.fli.qa.testcases.LoginPageTest">
        <test-method status="PASS" signature="setup()[pri:0, instance:com.fli.qa.testcases.LoginPageTest@6cc4c815]" name="setup" is-config="true" duration-ms="17463" started-at="2019-11-12T17:35:55Z" finished-at="2019-11-12T17:36:12Z">
          <reporter-output>
          </reporter-output>
        </test-method> <!-- setup -->
        <test-method status="PASS" signature="CheckOut()[pri:0, instance:com.fli.qa.testcases.LoginPageTest@6cc4c815]" name="CheckOut" duration-ms="7" started-at="2019-11-12T17:36:12Z" finished-at="2019-11-12T17:36:12Z">
          <reporter-output>
          </reporter-output>
        </test-method> <!-- CheckOut -->
        <test-method status="PASS" signature="CloseBrowser()[pri:0, instance:com.fli.qa.testcases.LoginPageTest@6cc4c815]" name="CloseBrowser" is-config="true" duration-ms="1" started-at="2019-11-12T17:36:12Z" finished-at="2019-11-12T17:36:12Z">
          <reporter-output>
          </reporter-output>
        </test-method> <!-- CloseBrowser -->
      </class> <!-- com.fli.qa.testcases.LoginPageTest -->
    </test> <!-- Default test -->
  </suite> <!-- Default suite -->
</testng-results>
